<?xml version="1.0" encoding="UTF-8"?>
<testng-results ignored="0" total="4" passed="4" failed="0" skipped="0">
  <reporter-output>
  </reporter-output>
  <suite started-at="2025-02-16T11:46:41 IST" name="Default suite" finished-at="2025-02-16T11:51:18 IST" duration-ms="277301">
    <groups>
    </groups>
    <test started-at="2025-02-16T11:46:41 IST" name="Default test" finished-at="2025-02-16T11:51:18 IST" duration-ms="277301">
      <class name="javastream.Test2">
        <test-method signature="filter()[pri:0, instance:javastream.Test2@53045c6c]" started-at="2025-02-16T11:46:41 IST" name="filter" finished-at="2025-02-16T11:51:07 IST" duration-ms="266097" status="PASS">
          <reporter-output>
          </reporter-output>
        </test-method> <!-- filter -->
        <test-method signature="findPrice()[pri:0, instance:javastream.Test2@53045c6c]" started-at="2025-02-16T11:51:07 IST" name="findPrice" finished-at="2025-02-16T11:51:10 IST" duration-ms="3183" status="PASS">
          <reporter-output>
          </reporter-output>
        </test-method> <!-- findPrice -->
        <test-method signature="pagination()[pri:0, instance:javastream.Test2@53045c6c]" started-at="2025-02-16T11:51:10 IST" name="pagination" finished-at="2025-02-16T11:51:15 IST" duration-ms="4452" status="PASS">
          <reporter-output>
          </reporter-output>
        </test-method> <!-- pagination -->
        <test-method signature="table()[pri:0, instance:javastream.Test2@53045c6c]" started-at="2025-02-16T11:51:15 IST" name="table" finished-at="2025-02-16T11:51:18 IST" duration-ms="3472" status="PASS">
          <reporter-output>
          </reporter-output>
        </test-method> <!-- table -->
      </class> <!-- javastream.Test2 -->
    </test> <!-- Default test -->
  </suite> <!-- Default suite -->
</testng-results>
